<?xml version="1.0" encoding="UTF-8"?>
<!-- Generated by org.testng.reporters.JUnitReportReporter -->
<testsuite hostname="DESKTOP-G7NLJAM" failures="0" tests="1" name="org.multiAgent.AppTest" time="0.013" errors="0" timestamp="2022-03-13T16:07:14 GMT" skipped="0">
  <testcase classname="org.multiAgent.AppTest" name="shouldAnswerWithTrue" time="0.013"/>
  <system-out/>
</testsuite> <!-- org.multiAgent.AppTest -->
